<?xml version="1.0" encoding="UTF-8"?>
<testng-results skipped="0" failed="0" ignored="0" total="1" passed="1">
  <reporter-output>
  </reporter-output>
  <suite name="Default suite" duration-ms="178" started-at="2020-02-29T15:24:41Z" finished-at="2020-02-29T15:24:41Z">
    <groups>
    </groups>
    <test name="Default test" duration-ms="178" started-at="2020-02-29T15:24:41Z" finished-at="2020-02-29T15:24:41Z">
      <class name="wells.restApiProj.RestApiClass">
        <test-method status="PASS" signature="f()[pri:0, instance:wells.restApiProj.RestApiClass@4678c730]" name="f" duration-ms="122" started-at="2020-02-29T15:24:41Z" finished-at="2020-02-29T15:24:41Z">
          <reporter-output>
          </reporter-output>
        </test-method> <!-- f -->
      </class> <!-- wells.restApiProj.RestApiClass -->
    </test> <!-- Default test -->
  </suite> <!-- Default suite -->
</testng-results>
